[debug] [2025-12-01T19:34:22.355Z] ----------------------------------------------------------------------
[debug] [2025-12-01T19:34:22.357Z] Command:       /usr/local/share/nvm/versions/node/v22.21.1/bin/node /home/codespace/nvm/current/bin/firebase init --project test-hijri-calendar
[debug] [2025-12-01T19:34:22.357Z] CLI Version:   14.26.0
[debug] [2025-12-01T19:34:22.357Z] Platform:      linux
[debug] [2025-12-01T19:34:22.357Z] Node Version:  v22.21.1
[debug] [2025-12-01T19:34:22.358Z] Time:          Mon Dec 01 2025 19:34:22 GMT+0000 (Coordinated Universal Time)
[debug] [2025-12-01T19:34:22.358Z] Env Overrides: GITHUB_API_URL, GITHUB_API_URL
[debug] [2025-12-01T19:34:22.358Z] ----------------------------------------------------------------------
[debug] 
[debug] [2025-12-01T19:34:22.359Z] >>> [apiv2][query] GET https://firebase-public.firebaseio.com/cli.json [none]
[info] 
     ######## #### ########  ######## ########     ###     ######  ########
     ##        ##  ##     ## ##       ##     ##  ##   ##  ##       ##
     ######    ##  ########  ######   ########  #########  ######  ######
     ##        ##  ##    ##  ##       ##     ## ##     ##       ## ##
     ##       #### ##     ## ######## ########  ##     ##  ######  ########

You're about to initialize a Firebase project in this directory:

  /workspaces/mehdavia-hijri-calendar-app1

Before we get started, keep in mind:

  * You are currently outside your home directory

[debug] [2025-12-01T19:34:23.505Z] <<< [apiv2][status] GET https://firebase-public.firebaseio.com/cli.json 200
[debug] [2025-12-01T19:34:23.505Z] <<< [apiv2][body] GET https://firebase-public.firebaseio.com/cli.json {"cloudBuildErrorAfter":1594252800000,"cloudBuildWarnAfter":1590019200000,"defaultNode10After":1594252800000,"minVersion":"3.0.5","node8DeploysDisabledAfter":1613390400000,"node8RuntimeDisabledAfter":1615809600000,"node8WarnAfter":1600128000000}
